<?xml version="1.0" encoding="UTF-8"?>
<testsuite xmlns:xsi="http://www.w3.org/2001/XMLSchema-instance" xsi:noNamespaceSchemaLocation="https://maven.apache.org/surefire/maven-surefire-plugin/xsd/surefire-test-report.xsd" name="com.example.AppTest" time="0.027" tests="1" errors="0" skipped="0" failures="0">
  <properties>
    <property name="java.specification.version" value="21"/>
    <property name="sun.cpu.isalist" value="amd64"/>
    <property name="sun.jnu.encoding" value="Cp1252"/>
    <property name="java.class.path" value="C:\Users\Rajeev\Desktop\devops\lab10\demo\target\test-classes;C:\Users\Rajeev\Desktop\devops\lab10\demo\target\classes;C:\Users\Rajeev\.m2\repository\junit\junit\4.11\junit-4.11.jar;C:\Users\Rajeev\.m2\repository\org\hamcrest\hamcrest-core\1.3\hamcrest-core-1.3.jar;"/>
    <property name="java.vm.vendor" value="Oracle Corporation"/>
    <property name="sun.arch.data.model" value="64"/>
    <property name="user.variant" value=""/>
    <property name="java.vendor.url" value="https://java.oracle.com/"/>
    <property name="user.timezone" value="Asia/Calcutta"/>
    <property name="os.name" value="Windows 11"/>
    <property name="java.vm.specification.version" value="21"/>
    <property name="sun.java.launcher" value="SUN_STANDARD"/>
    <property name="user.country" value="IN"/>
    <property name="sun.boot.library.path" value="C:\Program Files\Java\jdk-21\bin"/>
    <property name="sun.java.command" value="C:\Users\Rajeev\AppData\Local\Temp\surefire11176791933518652422\surefirebooter3149830417427705418.jar C:\Users\Rajeev\AppData\Local\Temp\surefire11176791933518652422 2025-05-20T20-35-39_436-jvmRun1 surefire10435816222061003696tmp surefire_01058641582735512134tmp"/>
    <property name="jdk.debug" value="release"/>
    <property name="surefire.test.class.path" value="C:\Users\Rajeev\Desktop\devops\lab10\demo\target\test-classes;C:\Users\Rajeev\Desktop\devops\lab10\demo\target\classes;C:\Users\Rajeev\.m2\repository\junit\junit\4.11\junit-4.11.jar;C:\Users\Rajeev\.m2\repository\org\hamcrest\hamcrest-core\1.3\hamcrest-core-1.3.jar;"/>
    <property name="sun.cpu.endian" value="little"/>
    <property name="user.home" value="C:\Users\Rajeev"/>
    <property name="user.language" value="en"/>
    <property name="java.specification.vendor" value="Oracle Corporation"/>
    <property name="java.version.date" value="2025-01-21"/>
    <property name="java.home" value="C:\Program Files\Java\jdk-21"/>
    <property name="file.separator" value="\"/>
    <property name="basedir" value="C:\Users\Rajeev\Desktop\devops\lab10\demo"/>
    <property name="java.vm.compressedOopsMode" value="Zero based"/>
    <property name="line.separator" value="&#10;"/>
    <property name="java.vm.specification.vendor" value="Oracle Corporation"/>
    <property name="java.specification.name" value="Java Platform API Specification"/>
    <property name="surefire.real.class.path" value="C:\Users\Rajeev\AppData\Local\Temp\surefire11176791933518652422\surefirebooter3149830417427705418.jar"/>
    <property name="user.script" value=""/>
    <property name="sun.management.compiler" value="HotSpot 64-Bit Tiered Compilers"/>
    <property name="java.runtime.version" value="21.0.6+8-LTS-188"/>
    <property name="user.name" value="Rajeev"/>
    <property name="stdout.encoding" value="Cp1252"/>
    <property name="path.separator" value=";"/>
    <property name="os.version" value="10.0"/>
    <property name="java.runtime.name" value="Java(TM) SE Runtime Environment"/>
    <property name="file.encoding" value="UTF-8"/>
    <property name="java.vm.name" value="Java HotSpot(TM) 64-Bit Server VM"/>
    <property name="localRepository" value="C:\Users\Rajeev\.m2\repository"/>
    <property name="java.vendor.url.bug" value="https://bugreport.java.com/bugreport/"/>
    <property name="java.io.tmpdir" value="C:\Users\Rajeev\AppData\Local\Temp\"/>
    <property name="java.version" value="21.0.6"/>
    <property name="user.dir" value="C:\Users\Rajeev\Desktop\devops\lab10\demo"/>
    <property name="os.arch" value="amd64"/>
    <property name="java.vm.specification.name" value="Java Virtual Machine Specification"/>
    <property name="sun.os.patch.level" value=""/>
    <property name="native.encoding" value="Cp1252"/>
    <property name="java.library.path" value="C:\Program Files\Java\jdk-21\bin;C:\WINDOWS\Sun\Java\bin;C:\WINDOWS\system32;C:\WINDOWS;C:\Program Files\Eclipse Adoptium\jdk-21.0.7.6-hotspot\bin;C:\Program Files\Common Files\Oracle\Java\javapath;c:\Users\Rajeev\AppData\Local\Programs\cursor\resources\app\bin;C:\WINDOWS\system32;C:\WINDOWS;C:\WINDOWS\System32\Wbem;C:\WINDOWS\System32\WindowsPowerShell\v1.0\;C:\WINDOWS\System32\OpenSSH\;C:\Program Files\Docker\Docker\resources\bin;C:\Users\Rajeev\AppData\Local\Programs\Python\Python310\Scripts\;C:\Users\Rajeev\AppData\Local\Programs\Python\Python310\;C:\Users\Rajeev\AppData\Local\Programs\Python\Python313\Scripts\;C:\Users\Rajeev\AppData\Local\Programs\Python\Python313\;C:\Users\Rajeev\AppData\Local\Programs\Python\Launcher\;C:\Users\Rajeev\AppData\Local\Microsoft\WindowsApps;C:\Windows.old\Users\Rajeev\AppData\Local\GitHubDesktop\bin;C:\Users\Rajeev\AppData\Roaming\npm;C:\Users\Rajeev\AppData\Local\Programs\Ollama;c:\Users\Rajeev\AppData\Local\Programs\cursor\resources\app\bin;C:\Program Files\nodejs\;C:\Program Files\Git\cmd;C:\Program Files\Apache\Maven\apache-maven-3.9.9\bin;C:\Program Files\MySQL\MySQL Shell 8.0\bin\;C:\Users\Rajeev\AppData\Local\Programs\Python\Python310\Scripts\;C:\Users\Rajeev\AppData\Local\Programs\Python\Python310\;C:\Users\Rajeev\AppData\Local\Programs\Python\Python313\Scripts\;C:\Users\Rajeev\AppData\Local\Programs\Python\Python313\;C:\Users\Rajeev\AppData\Local\Programs\Python\Launcher\;C:\Users\Rajeev\AppData\Local\Microsoft\WindowsApps;C:\Users\Rajeev\AppData\Local\Programs\Microsoft VS Code\bin;C:\Windows.old\Users\Rajeev\AppData\Local\GitHubDesktop\bin;C:\Users\Rajeev\AppData\Local\Programs\Ollama;C:\Users\Rajeev\AppData\Roaming\npm;C:\Users\Rajeev\AppData\Local\GitHubDesktop\bin;C:\Users\Rajeev\AppData\Local\Programs\cursor\resources\app\bin;C:\Program Files\Java\jdk-21\bin;C:\Program Files\Apache\Maven\apache-maven-3.9.9\bin;;c:\Users\Rajeev\AppData\Roaming\Code\User\globalStorage\github.copilot-chat\debugCommand;."/>
    <property name="java.vm.info" value="mixed mode, sharing"/>
    <property name="stderr.encoding" value="Cp1252"/>
    <property name="java.vendor" value="Oracle Corporation"/>
    <property name="java.vm.version" value="21.0.6+8-LTS-188"/>
    <property name="sun.io.unicode.encoding" value="UnicodeLittle"/>
    <property name="java.class.version" value="65.0"/>
  </properties>
  <testcase name="shouldAnswerWithTrue" classname="com.example.AppTest" time="0.002"/>
</testsuite>